<?xml version="1.0" encoding="UTF-8" ?>
<testsuites>
  <testsuite errors="0" failures="1" hostname="Bombay" id="0" name="ExampleTest" package="" tests="1" time="0.083" timestamp="2011-01-03T00:57:23">
      <properties>
[...]
</properties>

      <testcase classname="ExampleTest" name="testWillAlwaysFail" time="0.0080">
          <failure message="An error message" type="junit.framework.AssertionFailedError">junit.framework.AssertionFailedError: An error message
	at ExampleTest.testWillAlwaysFail(ExampleTest.java:26)
</failure>

      </testcase>

      <system-out><![CDATA[]]></system-out>

      <system-err><![CDATA[]]></system-err>

  </testsuite>
</testsuites>
