<?xml version="1.0" encoding="UTF-8" ?>
<testsuites>
  <testsuite errors="9" failures="8" hostname="A-See" id="0" name="JiraButlerTestSuite" package="de.angelcode.jirabutler.testsuite" tests="17" time="2.404" timestamp="2011-01-03T01:03:29">
      <properties>
[...]
</properties>

      <testcase classname="de.angelcode.jirabutler.hook.JiraServiceHookTest" name="testToString" time="0.021">
          <failure message="expected:&lt;[]&gt; but was:&lt;[Project version: null JIRA Key: null User: null Commit message: null ]&gt;" type="junit.framework.AssertionFailedError">junit.framework.AssertionFailedError: expected:&lt;[]&gt; but was:&lt;[Project version: null
JIRA Key: null
User: null
Commit message: null
]&gt;
	at de.angelcode.jirabutler.hook.JiraServiceHookTest.testToString(JiraServiceHookTest.java:52)
</failure>

      </testcase>

      <testcase classname="de.angelcode.jirabutler.soap.JiraControllerTest" name="testLoadConfigFile" time="0.065">
          <error message="The file jira.propertiescould not be found." type="de.angelcode.jirabutler.exceptions.JiraButlerException">de.angelcode.jirabutler.exceptions.JiraButlerException: The file jira.propertiescould not be found.
	at de.angelcode.jirabutler.soap.JiraController.loadConfigFile(JiraController.java:67)
	at de.angelcode.jirabutler.soap.JiraControllerTest.testLoadConfigFile(JiraControllerTest.java:50)
</error>

      </testcase>

      <testcase classname="de.angelcode.jirabutler.soap.JiraControllerTest" name="testConnect" time="0.0010">
          <failure message="The test case is a prototype." type="junit.framework.AssertionFailedError">junit.framework.AssertionFailedError: The test case is a prototype.
	at de.angelcode.jirabutler.soap.JiraControllerTest.testConnect(JiraControllerTest.java:67)
</failure>

      </testcase>

      <testcase classname="de.angelcode.jirabutler.soap.JiraControllerTest" name="testAddVersion" time="0.0010">
          <failure message="The test case is a prototype." type="junit.framework.AssertionFailedError">junit.framework.AssertionFailedError: The test case is a prototype.
	at de.angelcode.jirabutler.soap.JiraControllerTest.testAddVersion(JiraControllerTest.java:80)
</failure>

      </testcase>

      <testcase classname="de.angelcode.jirabutler.soap.JiraControllerTest" name="testAddComment" time="0.093">
          <failure message="expected:&lt;false&gt; but was:&lt;true&gt;" type="junit.framework.AssertionFailedError">junit.framework.AssertionFailedError: expected:&lt;false&gt; but was:&lt;true&gt;
	at de.angelcode.jirabutler.soap.JiraControllerTest.testAddComment(JiraControllerTest.java:93)
</failure>

      </testcase>

      <testcase classname="de.angelcode.jirabutler.soap.service.JiraClientTest" name="testAddVersion" time="1.125">
          <error message="You don&apos;t have permission to set the version." type="de.angelcode.jirabutler.exceptions.JiraButlerException">de.angelcode.jirabutler.exceptions.JiraButlerException: You don&apos;t have permission to set the version.
	at de.angelcode.jirabutler.soap.service.JiraClient.addVersion(JiraClient.java:139)
	at de.angelcode.jirabutler.soap.service.JiraClientTest.testAddVersion(JiraClientTest.java:81)
</error>

      </testcase>

      <testcase classname="de.angelcode.jirabutler.soap.service.JiraClientTest" name="testAddComment" time="0.18">
          <error message="You don&apos;t have authentification to write a comment." type="de.angelcode.jirabutler.exceptions.JiraButlerException">de.angelcode.jirabutler.exceptions.JiraButlerException: You don&apos;t have authentification to write a comment.
	at de.angelcode.jirabutler.soap.service.JiraClient.addComment(JiraClient.java:177)
	at de.angelcode.jirabutler.soap.service.JiraClientTest.testAddComment(JiraClientTest.java:98)
</error>

      </testcase>

      <testcase classname="de.angelcode.jirabutler.soap.service.JiraClientTest" name="testLogin" time="0.265">
          <error message="The login informations from the user are wrong." type="de.angelcode.jirabutler.exceptions.JiraButlerException">de.angelcode.jirabutler.exceptions.JiraButlerException: The login informations from the user are wrong.
	at de.angelcode.jirabutler.soap.service.JiraClient.login(JiraClient.java:91)
	at de.angelcode.jirabutler.soap.service.JiraClientTest.testLogin(JiraClientTest.java:49)
</error>

      </testcase>

      <testcase classname="de.angelcode.jirabutler.soap.service.JiraClientTest" name="testLogout" time="0.157">
          <failure message="expected:&lt;false&gt; but was:&lt;true&gt;" type="junit.framework.AssertionFailedError">junit.framework.AssertionFailedError: expected:&lt;false&gt; but was:&lt;true&gt;
	at de.angelcode.jirabutler.soap.service.JiraClientTest.testLogout(JiraClientTest.java:65)
</failure>

      </testcase>

      <testcase classname="de.angelcode.jirabutler.soap.service.JiraClientTest" name="testGetVersions" time="0.176">
          <error type="com.atlassian.jira.rpc.exception.RemoteAuthenticationException">com.atlassian.jira.rpc.exception.RemoteAuthenticationException
	at java.lang.reflect.Constructor.newInstance(Constructor.java:513)
	at java.lang.Class.newInstance0(Class.java:355)
	at java.lang.Class.newInstance(Class.java:308)
	at org.apache.axis.encoding.ser.BeanDeserializer.&lt;init&gt;(BeanDeserializer.java:104)
	at org.apache.axis.encoding.ser.BeanDeserializerFactory.getGeneralPurpose(BeanDeserializerFactory.java:89)
	at org.apache.axis.encoding.ser.BaseDeserializerFactory.getDeserializerAs(BaseDeserializerFactory.java:89)
	at org.apache.axis.encoding.DeserializationContext.getDeserializer(DeserializationContext.java:464)
	at org.apache.axis.encoding.DeserializationContext.getDeserializerForType(DeserializationContext.java:547)
	at org.apache.axis.message.SOAPFaultDetailsBuilder.onStartChild(SOAPFaultDetailsBuilder.java:157)
	at org.apache.axis.encoding.DeserializationContext.startElement(DeserializationContext.java:1035)
	at com.sun.org.apache.xerces.internal.parsers.AbstractSAXParser.startElement(AbstractSAXParser.java:501)
	at com.sun.org.apache.xerces.internal.parsers.AbstractXMLDocumentParser.emptyElement(AbstractXMLDocumentParser.java:179)
	at com.sun.org.apache.xerces.internal.impl.XMLNSDocumentScannerImpl.scanStartElement(XMLNSDocumentScannerImpl.java:377)
	at com.sun.org.apache.xerces.internal.impl.XMLDocumentFragmentScannerImpl$FragmentContentDriver.next(XMLDocumentFragmentScannerImpl.java:2755)
	at com.sun.org.apache.xerces.internal.impl.XMLDocumentScannerImpl.next(XMLDocumentScannerImpl.java:648)
	at com.sun.org.apache.xerces.internal.impl.XMLNSDocumentScannerImpl.next(XMLNSDocumentScannerImpl.java:140)
	at com.sun.org.apache.xerces.internal.impl.XMLDocumentFragmentScannerImpl.scanDocument(XMLDocumentFragmentScannerImpl.java:511)
	at com.sun.org.apache.xerces.internal.parsers.XML11Configuration.parse(XML11Configuration.java:808)
	at com.sun.org.apache.xerces.internal.parsers.XML11Configuration.parse(XML11Configuration.java:737)
	at com.sun.org.apache.xerces.internal.parsers.XMLParser.parse(XMLParser.java:119)
	at com.sun.org.apache.xerces.internal.parsers.AbstractSAXParser.parse(AbstractSAXParser.java:1205)
	at com.sun.org.apache.xerces.internal.jaxp.SAXParserImpl$JAXPSAXParser.parse(SAXParserImpl.java:522)
	at javax.xml.parsers.SAXParser.parse(SAXParser.java:395)
	at org.apache.axis.encoding.DeserializationContext.parse(DeserializationContext.java:227)
	at org.apache.axis.SOAPPart.getAsSOAPEnvelope(SOAPPart.java:696)
	at org.apache.axis.Message.getSOAPEnvelope(Message.java:435)
	at org.apache.axis.handlers.soap.MustUnderstandChecker.invoke(MustUnderstandChecker.java:62)
	at org.apache.axis.client.AxisClient.invoke(AxisClient.java:206)
	at org.apache.axis.client.Call.invokeEngine(Call.java:2784)
	at org.apache.axis.client.Call.invoke(Call.java:2767)
	at org.apache.axis.client.Call.invoke(Call.java:2443)
	at org.apache.axis.client.Call.invoke(Call.java:2366)
	at org.apache.axis.client.Call.invoke(Call.java:1812)
	at de.angelcode.jirabutler.soap.service.JirasoapserviceV2SoapBindingStub.getVersions(JirasoapserviceV2SoapBindingStub.java:3645)
	at de.angelcode.jirabutler.soap.service.JiraClient.getVersions(JiraClient.java:199)
	at de.angelcode.jirabutler.soap.service.JiraClientTest.testGetVersions(JiraClientTest.java:114)
</error>

      </testcase>

      <testcase classname="de.angelcode.jirabutler.util.SystemVariablesTest" name="testGetJarExecutionDirectory" time="0.0010">
          <failure message="expected:&lt;[]&gt; but was:&lt;[C:\Program Files\NetBeans 6.9.1\java\ant\patches\]&gt;" type="junit.framework.AssertionFailedError">junit.framework.AssertionFailedError: expected:&lt;[]&gt; but was:&lt;[C:\Program Files\NetBeans 6.9.1\java\ant\patches\]&gt;
	at de.angelcode.jirabutler.util.SystemVariablesTest.testGetJarExecutionDirectory(SystemVariablesTest.java:51)
</failure>

      </testcase>

      <testcase classname="de.angelcode.jirabutler.webserver.ConnectionHandlerTest" name="testStartThread" time="0.086">
          <error type="java.lang.NullPointerException">java.lang.NullPointerException
	at de.angelcode.jirabutler.webserver.ConnectionHandlerTest.testStartThread(ConnectionHandlerTest.java:50)
</error>

      </testcase>

      <testcase classname="de.angelcode.jirabutler.webserver.ConnectionHandlerTest" name="testRun" time="0.0010">
          <error type="java.lang.NullPointerException">java.lang.NullPointerException
	at de.angelcode.jirabutler.webserver.ConnectionHandlerTest.testRun(ConnectionHandlerTest.java:63)
</error>

      </testcase>

      <testcase classname="de.angelcode.jirabutler.webserver.ServerFunctionalityTest" name="testHandleRequest" time="0.0030">
          <failure message="The test case is a prototype." type="junit.framework.AssertionFailedError">junit.framework.AssertionFailedError: The test case is a prototype.
	at de.angelcode.jirabutler.webserver.ServerFunctionalityTest.testHandleRequest(ServerFunctionalityTest.java:52)
</failure>

      </testcase>

      <testcase classname="de.angelcode.jirabutler.webserver.ServerFunctionalityTest" name="testGetServerResponse" time="0.0010">
          <failure message="expected:&lt;&gt; but was:&lt;null&gt;" type="junit.framework.AssertionFailedError">junit.framework.AssertionFailedError: expected:&lt;&gt; but was:&lt;null&gt;
	at de.angelcode.jirabutler.webserver.ServerFunctionalityTest.testGetServerResponse(ServerFunctionalityTest.java:64)
</failure>

      </testcase>

      <testcase classname="de.angelcode.jirabutler.webserver.ServerLoggerTest" name="testGetServerLogger" time="0.089">
          <error message="Cannot access log file:  (No such file or directory)" type="de.angelcode.jirabutler.exceptions.JiraButlerException">de.angelcode.jirabutler.exceptions.JiraButlerException: Cannot access log file:
 (No such file or directory)
	at de.angelcode.jirabutler.webserver.ServerLogger.getServerLogger(ServerLogger.java:48)
	at de.angelcode.jirabutler.webserver.ServerLoggerTest.testGetServerLogger(ServerLoggerTest.java:52)
</error>

      </testcase>

      <testcase classname="de.angelcode.jirabutler.webserver.ServerStartTest" name="testMain" time="0.017">
          <error type="java.lang.NullPointerException">java.lang.NullPointerException
	at gnu.getopt.Getopt.getopt(Getopt.java:1055)
	at de.angelcode.jirabutler.webserver.ServerStart.main(ServerStart.java:46)
	at de.angelcode.jirabutler.webserver.ServerStartTest.testMain(ServerStartTest.java:50)
</error>

      </testcase>

      <system-out><![CDATA[toString
loadConfigFile
connect
addVersion
addComment
addVersion
2011-01-03 02:03:30,168 main WARN      [apache.axis.utils.JavaUtils] Unable to find required classes (javax.activation.DataHandler and javax.mail.internet.MimeMultipart). Attachment support is disabled.
addComment
login
logout
getVersions
getJarExecutionDirectory
startThread
run
handleRequest
getServerResponse
getServerLogger
main
]]></system-out>

      <system-err><![CDATA[]]></system-err>

  </testsuite>
</testsuites>
